TN:
SF:src\LightDomElementTest.ts
FN:4,LightDomElementTest
FN:17,__increment
FN:21,render
FNF:3
FNH:3
FNDA:1,LightDomElementTest
FNDA:1,__increment
FNDA:1,render
DA:1,1
DA:2,1
DA:3,1
DA:4,1
DA:5,1
DA:6,1
DA:7,1
DA:8,1
DA:9,1
DA:10,1
DA:11,1
DA:12,1
DA:13,1
DA:14,1
DA:15,1
DA:16,1
DA:17,1
DA:18,1
DA:19,1
DA:20,1
DA:21,1
DA:22,1
DA:23,1
DA:24,1
DA:25,1
DA:26,1
DA:27,1
LF:27
LH:27
BRDA:4,0,0,1
BRDA:17,1,0,1
BRDA:21,2,0,1
BRF:3
BRH:3
end_of_record
TN:
SF:src\light-dom-element-test.ts
FNF:0
FNH:0
DA:1,1
DA:2,1
DA:3,1
LF:3
LH:3
BRF:0
BRH:0
end_of_record
TN:
SF:src\light-dom-element.js
FN:3,attr
FN:7,applyTemplate
FN:13,attachShadow
FNF:3
FNH:2
FNDA:0,attr
FNDA:1,applyTemplate
FNDA:1,attachShadow
DA:1,1
DA:2,1
DA:3,1
DA:4,1
DA:5,1
DA:6,1
DA:7,1
DA:8,1
DA:9,1
DA:10,1
DA:11,1
DA:12,1
DA:13,1
DA:14,1
DA:15,1
DA:16,1
LF:16
LH:16
BRDA:1,0,0,1
BRDA:7,1,0,1
BRDA:13,2,0,1
BRF:3
BRH:3
end_of_record
TN:
SF:src\shadow-dom-element.js
FN:1,attr
FN:3,<instance_members_initializer>
FN:7,ShadowDomElement
FN:12,fetch
FN:14,applyTemplate
FN:21,postTemplateCallback
FN:33,slotsInit
FN:35,getText
FN:36,onAttr
FN:48,applyTemplate
FNF:10
FNH:10
FNDA:1,attr
FNDA:1,<instance_members_initializer>
FNDA:1,ShadowDomElement
FNDA:1,fetch
FNDA:1,applyTemplate
FNDA:1,postTemplateCallback
FNDA:1,slotsInit
FNDA:1,getText
FNDA:1,onAttr
FNDA:1,applyTemplate
DA:1,1
DA:2,1
DA:3,1
DA:4,1
DA:5,1
DA:6,1
DA:7,1
DA:8,1
DA:9,1
DA:10,1
DA:11,1
DA:12,1
DA:13,1
DA:14,1
DA:15,1
DA:16,1
DA:17,1
DA:18,1
DA:19,1
DA:20,1
DA:21,1
DA:22,1
DA:23,1
DA:24,1
DA:25,1
DA:26,1
DA:27,1
DA:28,1
DA:29,1
DA:30,1
DA:31,1
DA:32,1
DA:33,1
DA:34,1
DA:35,1
DA:36,1
DA:37,1
DA:38,1
DA:39,1
DA:40,1
DA:41,1
DA:42,1
DA:43,1
DA:44,1
DA:45,1
DA:46,1
DA:47,1
DA:48,1
DA:49,1
DA:50,1
DA:51,1
DA:52,1
DA:53,1
DA:54,1
DA:55,1
DA:56,1
DA:57,1
DA:58,1
DA:59,1
DA:60,1
DA:61,1
DA:62,1
DA:63,1
DA:64,1
DA:65,1
LF:65
LH:65
BRDA:1,0,0,1
BRDA:1,1,0,1
BRDA:3,2,0,1
BRDA:7,3,0,1
BRDA:12,4,0,1
BRDA:14,5,0,1
BRDA:21,6,0,1
BRDA:23,7,0,1
BRDA:28,8,0,1
BRDA:33,9,0,1
BRDA:35,10,0,1
BRDA:36,11,0,1
BRDA:38,12,0,1
BRDA:43,13,0,1
BRDA:45,14,0,1
BRDA:48,15,0,1
BRDA:52,16,0,1
BRDA:53,17,0,1
BRDA:58,18,0,1
BRF:19
BRH:19
end_of_record
