TN:
SF:src\shadow-dom-element.js
FN:1,<instance_members_initializer>
FN:5,ShadowDomElement
FN:10,fetch
FN:12,applyTemplate
FN:18,slotsInit
FN:20,getText
FN:21,onAttr
FN:33,applyTemplate
FNF:8
FNH:8
FNDA:1,<instance_members_initializer>
FNDA:1,ShadowDomElement
FNDA:1,fetch
FNDA:1,applyTemplate
FNDA:1,slotsInit
FNDA:1,getText
FNDA:1,onAttr
FNDA:1,applyTemplate
DA:1,1
DA:2,1
DA:3,1
DA:4,1
DA:5,1
DA:6,1
DA:7,1
DA:8,1
DA:9,1
DA:10,1
DA:11,1
DA:12,1
DA:13,1
DA:14,1
DA:15,1
DA:16,1
DA:17,1
DA:18,1
DA:19,1
DA:20,1
DA:21,1
DA:22,1
DA:23,1
DA:24,1
DA:25,1
DA:26,1
DA:27,1
DA:28,1
DA:29,1
DA:30,1
DA:31,1
DA:32,1
DA:33,1
DA:34,1
DA:35,1
DA:36,1
DA:37,1
DA:38,1
DA:39,1
DA:40,1
DA:41,1
DA:42,1
DA:43,1
DA:44,1
DA:45,1
DA:46,1
DA:47,1
DA:48,1
DA:49,1
LF:49
LH:49
BRDA:1,0,0,1
BRDA:1,1,0,1
BRDA:5,2,0,1
BRDA:10,3,0,1
BRDA:12,4,0,1
BRDA:18,5,0,1
BRDA:20,6,0,1
BRDA:21,7,0,1
BRDA:23,8,0,1
BRDA:28,9,0,1
BRDA:30,10,0,1
BRDA:33,11,0,1
BRDA:36,12,0,1
BRDA:37,13,0,1
BRDA:42,14,0,1
BRF:15
BRH:15
end_of_record
